<?xml version="1.0" encoding="UTF-8"?>
<testsuites name="jest tests" tests="6" failures="0" errors="0" time="6.808">
  <testsuite name="🎲 Game API" errors="0" failures="0" skipped="0" timestamp="2025-04-09T15:02:06" time="6.082" tests="3">
    <testcase classname="🎲 Game API ✅ should allow client to play with a valid ticket" name="🎲 Game API ✅ should allow client to play with a valid ticket" time="4.739">
    </testcase>
    <testcase classname="🎲 Game API ❌ should reject replay with same ticket" name="🎲 Game API ❌ should reject replay with same ticket" time="0.055">
    </testcase>
    <testcase classname="🎲 Game API ❌ should fail with invalid ticket" name="🎲 Game API ❌ should fail with invalid ticket" time="0.017">
    </testcase>
  </testsuite>
  <testsuite name="User Auth Routes" errors="0" failures="0" skipped="0" timestamp="2025-04-09T15:02:12" time="0.538" tests="3">
    <testcase classname="User Auth Routes ✅ should register a new user and send welcome email" name="User Auth Routes ✅ should register a new user and send welcome email" time="0.105">
    </testcase>
    <testcase classname="User Auth Routes ❌ should not register a user with existing email" name="User Auth Routes ❌ should not register a user with existing email" time="0.076">
    </testcase>
    <testcase classname="User Auth Routes ❌ should fail registration with invalid password" name="User Auth Routes ❌ should fail registration with invalid password" time="0.007">
    </testcase>
  </testsuite>
</testsuites>