<?xml version="1.0" encoding="UTF-8"?>
<testsuites name="jest tests" tests="3" failures="0" errors="0" time="2.557">
  <testsuite name="User Auth Routes" errors="0" failures="0" skipped="0" timestamp="2025-05-09T10:04:51" time="2.412" tests="3">
    <testcase classname="User Auth Routes ✅ should register a new user and send welcome email" name="User Auth Routes ✅ should register a new user and send welcome email" time="0.187">
    </testcase>
    <testcase classname="User Auth Routes ❌ should not register a user with existing email" name="User Auth Routes ❌ should not register a user with existing email" time="0.094">
    </testcase>
    <testcase classname="User Auth Routes ❌ should fail registration with invalid password" name="User Auth Routes ❌ should fail registration with invalid password" time="0.006">
    </testcase>
  </testsuite>
</testsuites>