<?xml version="1.0" encoding="UTF-8"?>
<testsuites name="jest tests" tests="6" failures="0" errors="0" time="9.782">
  <testsuite name="User Auth Routes" errors="0" failures="0" skipped="0" timestamp="2025-04-09T18:37:46" time="3.538" tests="3">
    <testcase classname="User Auth Routes ✅ should register a new user and send welcome email" name="User Auth Routes ✅ should register a new user and send welcome email" time="0.567">
    </testcase>
    <testcase classname="User Auth Routes ❌ should not register a user with existing email" name="User Auth Routes ❌ should not register a user with existing email" time="0.27">
    </testcase>
    <testcase classname="User Auth Routes ❌ should fail registration with invalid password" name="User Auth Routes ❌ should fail registration with invalid password" time="0.042">
    </testcase>
  </testsuite>
  <testsuite name="🎲 Game API" errors="0" failures="0" skipped="0" timestamp="2025-04-09T18:37:50" time="5.822" tests="3">
    <testcase classname="🎲 Game API ✅ should allow client to play with a valid ticket" name="🎲 Game API ✅ should allow client to play with a valid ticket" time="3.426">
    </testcase>
    <testcase classname="🎲 Game API ❌ should reject replay with same ticket" name="🎲 Game API ❌ should reject replay with same ticket" time="0.045">
    </testcase>
    <testcase classname="🎲 Game API ❌ should fail with invalid ticket" name="🎲 Game API ❌ should fail with invalid ticket" time="0.048">
    </testcase>
  </testsuite>
</testsuites>